Arguments: 
  E:\node\node.exe C:\Users\ASUS\AppData\Roaming\npm\node_modules\yarn\bin\yarn.js install

PATH: 
  E:\Document\web\juejin\react-node-learn\my-remix-app\node_modules\.bin;C:\python;C:\Program Files (x86)\Common Files\Oracle\Java\javapath;C:\Program Files\Java\jdk1.8.0_261\bin;C:\Program Files\Java\jdk1.8.0_261\jre\bin;C:\Windows\System32;C:\Users\ASUS\AppData\Local\Android\Sdk\tools;C:\Users\ASUS\AppData\Local\Android\Sdk\platform-tools;C:\Program Files\Git\cmd;E:\PowerShell\7\;C:\Windows\System32\WindowsPowerShell\v1.0;E:\node\;C:\ProgramData\chocolatey\bin;E:\go\bin;E:\nodejs\node_global;E:\Vscode\Microsoft VS Code\bin;E:\harmonyosStudio\harmonyosStudio\bin;;C:\Users\ASUS\AppData\Roaming\npm;C:\Users\ASUS\go\bin;E:\apache-maven\apache-maven-3.8.4\bin;

Yarn version: 
  1.22.17

Node version: 
  14.18.1

Platform: 
  win32 x64

Trace: 
  Error: connect EHOSTUNREACH 58.144.252.188:443
      at TCPConnectWrap.afterConnect [as oncomplete] (net.js:1159:16)

npm manifest: 
  {
    "private": true,
    "name": "remix-app-template",
    "description": "",
    "license": "",
    "scripts": {
      "build": "remix build",
      "dev": "remix dev",
      "postinstall": "remix setup node",
      "start": "remix-serve build"
    },
    "dependencies": {
      "@remix-run/react": "^1.1.3",
      "react": "^17.0.2",
      "react-dom": "^17.0.2",
      "remix": "^1.1.3",
      "@remix-run/serve": "^1.1.3"
    },
    "devDependencies": {
      "@remix-run/dev": "^1.1.3",
      "@types/react": "^17.0.24",
      "@types/react-dom": "^17.0.9",
      "typescript": "^4.1.2"
    },
    "engines": {
      "node": ">=14"
    },
    "sideEffects": false
  }

yarn manifest: 
  No manifest

Lockfile: 
  No lockfile
